<?xml version="1.0" encoding="UTF-8"?>
<!-- Generated by org.testng.reporters.JUnitReportReporter -->
<testsuite hostname="TNT06010275" name="com.backbase.automation.tests.AddComputerTest" tests="1" failures="0" timestamp="27 Feb 2017 11:07:20 GMT" time="9.385" errors="0">
  <testcase name="addComputerTest" time="9.385" classname="com.backbase.automation.tests.AddComputerTest"/>
</testsuite> <!-- com.backbase.automation.tests.AddComputerTest -->
