<?xml version="1.0" encoding="UTF-8"?>
<!-- Generated by org.testng.reporters.JUnitReportReporter -->
<testsuite hostname="TNT06010275" name="com.backbase.automation.tests.ComputerPageValidationTest" tests="3" failures="0" timestamp="27 Feb 2017 11:11:05 GMT" time="40.714" errors="0">
  <testcase name="saveComputerWithoutData" time="10.838" classname="com.backbase.automation.tests.ComputerPageValidationTest"/>
  <testcase name="saveComputerWithInvalidDiscontinuedDate" time="17.918" classname="com.backbase.automation.tests.ComputerPageValidationTest"/>
  <testcase name="saveComputerWithInvalidIntroducedDate" time="11.958" classname="com.backbase.automation.tests.ComputerPageValidationTest"/>
</testsuite> <!-- com.backbase.automation.tests.ComputerPageValidationTest -->
