<?xml version="1.0" encoding="UTF-8"?>
<!-- Generated by org.testng.reporters.JUnitReportReporter -->
<testsuite hostname="TNT06010275" name="com.backbase.automation.tests.CancelComputerDataTest" tests="1" failures="0" timestamp="27 Feb 2017 11:11:05 GMT" time="13.556" errors="0">
  <testcase name="cancelComputerDataTest" time="13.556" classname="com.backbase.automation.tests.CancelComputerDataTest"/>
</testsuite> <!-- com.backbase.automation.tests.CancelComputerDataTest -->
