<?xml version="1.0" encoding="UTF-8"?>
<!-- Generated by org.testng.reporters.JUnitReportReporter -->
<testsuite hostname="TNT06010275" name="com.backbase.automation.tests.pageNavigationTest" tests="2" failures="0" timestamp="27 Feb 2017 11:11:05 GMT" time="20.449" errors="0">
  <testcase name="previousPageNavigationTest" time="10.993" classname="com.backbase.automation.tests.pageNavigationTest"/>
  <testcase name="nextPageNavigationTest" time="9.456" classname="com.backbase.automation.tests.pageNavigationTest"/>
</testsuite> <!-- com.backbase.automation.tests.pageNavigationTest -->
